<?xml version="1.0" encoding="UTF-8"?>
<!-- Generated by org.testng.reporters.JUnitReportReporter -->
<testsuite hostname="DESKTOP-SSTGA1B" failures="0" tests="1" name="Log4jBasics.Log4jBasics2" time="0.297" errors="0" timestamp="2023-10-27T09:27:13 IST" skipped="0">
  <testcase classname="Log4jBasics.Log4jBasics2" name="CreateOrder" time="0.297"/>
</testsuite> <!-- Log4jBasics.Log4jBasics2 -->
