<?xml version="1.0" encoding="UTF-8"?>
<!-- Generated by org.testng.reporters.JUnitReportReporter -->
<testsuite hostname="DESKTOP-SSTGA1B" failures="0" tests="2" name="com.accenture.TestAnnonation1" time="0.022" errors="0" timestamp="2023-11-09T08:19:40 IST" skipped="0">
  <testcase classname="com.accenture.TestAnnonation1" name="testA" time="0.016"/>
  <testcase classname="com.accenture.TestAnnonation1" name="testA2" time="0.006"/>
</testsuite> <!-- com.accenture.TestAnnonation1 -->
