<?xml version="1.0" encoding="UTF-8"?>
<!-- Generated by org.testng.reporters.JUnitReportReporter -->
<testsuite hostname="DESKTOP-SSTGA1B" failures="0" tests="3" name="ExtentReportsBasics.ExtentReports2" time="0.033" errors="0" timestamp="2023-10-26T09:46:48 IST" skipped="0">
  <testcase classname="ExtentReportsBasics.ExtentReports2" name="testA" time="0.021"/>
  <testcase classname="ExtentReportsBasics.ExtentReports2" name="testB" time="0.005"/>
  <testcase classname="ExtentReportsBasics.ExtentReports2" name="testC" time="0.007"/>
</testsuite> <!-- ExtentReportsBasics.ExtentReports2 -->
