<?xml version="1.0" encoding="UTF-8"?>
<!-- Generated by org.testng.reporters.JUnitReportReporter -->
<testsuite hostname="DESKTOP-SSTGA1B" failures="0" tests="1" name="ExtentReportsBasics.OptimisingExtentReports3" time="0.029" errors="0" timestamp="2023-11-09T09:35:22 IST" skipped="0">
  <testcase classname="ExtentReportsBasics.OptimisingExtentReports3" name="testB" time="0.029"/>
</testsuite> <!-- ExtentReportsBasics.OptimisingExtentReports3 -->
