<?xml version="1.0" encoding="UTF-8"?>
<!-- Generated by org.testng.reporters.JUnitReportReporter -->
<testsuite hostname="DESKTOP-SSTGA1B" failures="0" tests="3" name="ExtentReportsBasics.ExtentReports3" time="0.035" errors="0" timestamp="2023-10-26T09:51:31 IST" skipped="0">
  <testcase classname="ExtentReportsBasics.ExtentReports3" name="test" time="0.024"/>
  <testcase classname="ExtentReportsBasics.ExtentReports3" name="testB" time="0.005"/>
  <testcase classname="ExtentReportsBasics.ExtentReports3" name="testC" time="0.006"/>
</testsuite> <!-- ExtentReportsBasics.ExtentReports3 -->
