<?xml version="1.0" encoding="UTF-8"?>
<!-- Generated by org.testng.reporters.JUnitReportReporter -->
<testsuite hostname="DESKTOP-SSTGA1B" failures="0" tests="1" name="com.accenture.MobileTest" time="0.002" errors="0" timestamp="2023-11-09T08:19:40 IST" skipped="0">
  <testcase classname="com.accenture.MobileTest" name="testA" time="0.002"/>
</testsuite> <!-- com.accenture.MobileTest -->
