<?xml version="1.0" encoding="UTF-8"?>
<!-- Generated by org.testng.reporters.JUnitReportReporter -->
<testsuite hostname="DESKTOP-SSTGA1B" failures="0" tests="1" name="com.accenture.AndroidTest" time="0.019" errors="0" timestamp="2023-10-24T08:54:17 IST" skipped="0">
  <testcase classname="com.accenture.AndroidTest" name="testB" time="0.019"/>
</testsuite> <!-- com.accenture.AndroidTest -->
