<?xml version="1.0" encoding="UTF-8"?>
<!-- Generated by org.testng.reporters.JUnitReportReporter -->
<testsuite hostname="DESKTOP-SSTGA1B" failures="0" tests="1" name="ExtentReportsBasics.OptimisingExtentReports2" time="0.005" errors="0" timestamp="2023-11-09T09:35:22 IST" skipped="0">
  <testcase classname="ExtentReportsBasics.OptimisingExtentReports2" name="testA" time="0.005"/>
</testsuite> <!-- ExtentReportsBasics.OptimisingExtentReports2 -->
