<?xml version="1.0" encoding="UTF-8"?>
<!-- Generated by org.testng.reporters.JUnitReportReporter -->
<testsuite hostname="DESKTOP-SSTGA1B" failures="0" tests="1" name="OrangeHRMSTests.LoginTC01" time="10.081" errors="0" timestamp="2023-11-09T08:58:41 IST" skipped="0">
  <testcase classname="OrangeHRMSTests.LoginTC01" name="LoginTC01" time="10.081"/>
</testsuite> <!-- OrangeHRMSTests.LoginTC01 -->
