<?xml version="1.0" encoding="UTF-8"?>
<!-- Generated by org.testng.reporters.JUnitReportReporter -->
<testsuite hostname="DESKTOP-SSTGA1B" failures="0" tests="1" name="com.accenture.IOSTest" time="0.002" errors="0" timestamp="2023-10-24T08:48:04 IST" skipped="0">
  <testcase classname="com.accenture.IOSTest" name="testC" time="0.002"/>
</testsuite> <!-- com.accenture.IOSTest -->
