<?xml version="1.0" encoding="UTF-8"?>
<!-- Generated by org.testng.reporters.JUnitReportReporter -->
<testsuite hostname="DESKTOP-SSTGA1B" failures="0" tests="1" name="Log4jBasics.OptimisingLog4jBasics2" time="0.004" errors="0" timestamp="2023-10-27T09:36:19 IST" skipped="0">
  <testcase classname="Log4jBasics.OptimisingLog4jBasics2" name="CreateOrder" time="0.004"/>
</testsuite> <!-- Log4jBasics.OptimisingLog4jBasics2 -->
