<?xml version="1.0" encoding="UTF-8"?>
<!-- Generated by org.testng.reporters.JUnitReportReporter -->
<testsuite hostname="DESKTOP-SSTGA1B" failures="0" tests="1" name="com.accenture.MobileTest" time="0.014" errors="0" timestamp="2023-11-10T08:48:52 IST" skipped="0">
  <testcase classname="com.accenture.MobileTest" name="testA" time="0.014"/>
</testsuite> <!-- com.accenture.MobileTest -->
